c:\users\victor\desktop\recu actual\ajedrez_v3\x64\debug\vc142.pdb
c:\users\victor\desktop\recu actual\ajedrez_v3\x64\debug\vc142.idb
c:\users\victor\desktop\recu actual\ajedrez_v3\x64\debug\tablero.obj
c:\users\victor\desktop\recu actual\ajedrez_v3\x64\debug\pieza.obj
c:\users\victor\desktop\recu actual\ajedrez_v3\x64\debug\movimientos.obj
c:\users\victor\desktop\recu actual\ajedrez_v3\x64\debug\alfil.obj
c:\users\victor\desktop\recu actual\ajedrez_v3\x64\debug\torre.obj
c:\users\victor\desktop\recu actual\ajedrez_v3\x64\debug\rey.obj
c:\users\victor\desktop\recu actual\ajedrez_v3\x64\debug\reina.obj
c:\users\victor\desktop\recu actual\ajedrez_v3\x64\debug\peon.obj
c:\users\victor\desktop\recu actual\ajedrez_v3\x64\debug\caballo.obj
c:\users\victor\desktop\recu actual\ajedrez_v3\x64\debug\mundo.obj
c:\users\victor\desktop\recu actual\ajedrez_v3\x64\debug\master.obj
c:\users\victor\desktop\recu actual\ajedrez_v3\x64\debug\coordinador.obj
c:\users\victor\desktop\recu actual\ajedrez_v3\x64\debug\ajedrez.obj
c:\users\propietario\downloads\ajedrez_20_06\ajedrez_20_06\x64\debug\vc142.pdb
c:\users\propietario\downloads\ajedrez_20_06\ajedrez_20_06\x64\debug\vc142.idb
c:\users\propietario\downloads\ajedrez_20_06\ajedrez_20_06\x64\debug\torre.obj
c:\users\propietario\downloads\ajedrez_20_06\ajedrez_20_06\x64\debug\tablero.obj
c:\users\propietario\downloads\ajedrez_20_06\ajedrez_20_06\x64\debug\rey.obj
c:\users\propietario\downloads\ajedrez_20_06\ajedrez_20_06\x64\debug\reina.obj
c:\users\propietario\downloads\ajedrez_20_06\ajedrez_20_06\x64\debug\pieza.obj
c:\users\propietario\downloads\ajedrez_20_06\ajedrez_20_06\x64\debug\peon.obj
c:\users\propietario\downloads\ajedrez_20_06\ajedrez_20_06\x64\debug\mundo.obj
c:\users\propietario\downloads\ajedrez_20_06\ajedrez_20_06\x64\debug\movimientos.obj
c:\users\propietario\downloads\ajedrez_20_06\ajedrez_20_06\x64\debug\master.obj
c:\users\propietario\downloads\ajedrez_20_06\ajedrez_20_06\x64\debug\coordinador.obj
c:\users\propietario\downloads\ajedrez_20_06\ajedrez_20_06\x64\debug\caballo.obj
c:\users\propietario\downloads\ajedrez_20_06\ajedrez_20_06\x64\debug\alfil.obj
c:\users\propietario\downloads\ajedrez_20_06\ajedrez_20_06\x64\debug\ajedrez.obj
c:\users\victor\desktop\recu actual\ajedrez_v3\bin\ajedrezoroplata.exe
c:\users\victor\desktop\recu actual\ajedrez_v3\x64\debug\ajedrezoroplata.ilk
c:\users\victor\desktop\recu actual\ajedrez_v3\bin\ajedrezoroplata.pdb
c:\users\propietario\downloads\ajedrez_20_06\ajedrez_20_06\x64\debug\ajedrezoroplata.ilk
c:\users\propietario\downloads\ajedrez_20_06\ajedrez_20_06\bin\ajedrezoroplata.exe
c:\users\propietario\downloads\ajedrez_20_06\ajedrez_20_06\bin\ajedrezoroplata.pdb
c:\users\propietario\downloads\ajedrez_20_06\ajedrez_20_06\x64\debug\master.obj.enc
c:\users\propietario\downloads\ajedrez_20_06\ajedrez_20_06\x64\debug\movimientos.obj.enc
c:\users\propietario\downloads\ajedrez_20_06\ajedrez_20_06\x64\debug\vc143.idb
c:\users\propietario\downloads\ajedrez_20_06\ajedrez_20_06\x64\debug\vc143.pdb
c:\users\propietario\downloads\ajedrez_20_06\ajedrez_20_06\x64\debug\ajedrezoroplata.tlog\cl.command.1.tlog
c:\users\propietario\downloads\ajedrez_20_06\ajedrez_20_06\x64\debug\ajedrezoroplata.tlog\cl.read.1.tlog
c:\users\propietario\downloads\ajedrez_20_06\ajedrez_20_06\x64\debug\ajedrezoroplata.tlog\cl.write.1.tlog
c:\users\propietario\downloads\ajedrez_20_06\ajedrez_20_06\x64\debug\ajedrezoroplata.tlog\link.command.1.tlog
c:\users\propietario\downloads\ajedrez_20_06\ajedrez_20_06\x64\debug\ajedrezoroplata.tlog\link.read.1.tlog
c:\users\propietario\downloads\ajedrez_20_06\ajedrez_20_06\x64\debug\ajedrezoroplata.tlog\link.write.1.tlog
