C:\Program Files (x86)\Microsoft Visual Studio\2019\Community\Msbuild\Microsoft\VC\v160\Microsoft.CppBuild.targets(499,5): warning MSB8004: El directorio Output no termina con una barra diagonal final. Esta instancia de compilación agregará la barra diagonal porque es necesaria para que se pueda evaluar correctamente el directorio Output.
  Ajedrez.cpp
  Coordinador.cpp
C:\Users\edulu\OneDrive\Escritorio\Clases\Trabajos\infor\Recu_V2\ENTREGA_INFOR_DEFINITIVA\ajedrez5.0\ajedrez\src\Coordinador.cpp(29,40): warning C4305: 'argumento': truncamiento de 'double' a 'float'
  Master.cpp
  Movimientos.cpp
  Mundo.cpp
C:\Users\edulu\OneDrive\Escritorio\Clases\Trabajos\infor\Recu_V2\ENTREGA_INFOR_DEFINITIVA\ajedrez5.0\ajedrez\src\Mundo.cpp(149,47): warning C4305: 'argumento': truncamiento de 'double' a 'GLfloat'
C:\Users\edulu\OneDrive\Escritorio\Clases\Trabajos\infor\Recu_V2\ENTREGA_INFOR_DEFINITIVA\ajedrez5.0\ajedrez\src\Mundo.cpp(149,34): warning C4244: 'argumento': conversión de 'double' a 'GLfloat'; posible pérdida de datos
C:\Users\edulu\OneDrive\Escritorio\Clases\Trabajos\infor\Recu_V2\ENTREGA_INFOR_DEFINITIVA\ajedrez5.0\ajedrez\src\Mundo.cpp(149,21): warning C4244: 'argumento': conversión de 'double' a 'GLfloat'; posible pérdida de datos
C:\Users\edulu\OneDrive\Escritorio\Clases\Trabajos\infor\Recu_V2\ENTREGA_INFOR_DEFINITIVA\ajedrez5.0\ajedrez\src\Mundo.cpp(152,21): warning C4305: 'argumento': truncamiento de 'double' a 'GLfloat'
C:\Users\edulu\OneDrive\Escritorio\Clases\Trabajos\infor\Recu_V2\ENTREGA_INFOR_DEFINITIVA\ajedrez5.0\ajedrez\src\Mundo.cpp(153,25): warning C4305: 'argumento': truncamiento de 'double' a 'GLfloat'
C:\Users\edulu\OneDrive\Escritorio\Clases\Trabajos\infor\Recu_V2\ENTREGA_INFOR_DEFINITIVA\ajedrez5.0\ajedrez\src\Mundo.cpp(154,22): warning C4305: 'argumento': truncamiento de 'double' a 'GLfloat'
C:\Users\edulu\OneDrive\Escritorio\Clases\Trabajos\infor\Recu_V2\ENTREGA_INFOR_DEFINITIVA\ajedrez5.0\ajedrez\src\Mundo.cpp(156,48): warning C4305: 'argumento': truncamiento de 'double' a 'GLfloat'
C:\Users\edulu\OneDrive\Escritorio\Clases\Trabajos\infor\Recu_V2\ENTREGA_INFOR_DEFINITIVA\ajedrez5.0\ajedrez\src\Mundo.cpp(156,34): warning C4244: 'argumento': conversión de 'double' a 'GLfloat'; posible pérdida de datos
C:\Users\edulu\OneDrive\Escritorio\Clases\Trabajos\infor\Recu_V2\ENTREGA_INFOR_DEFINITIVA\ajedrez5.0\ajedrez\src\Mundo.cpp(156,22): warning C4244: 'argumento': conversión de 'double' a 'GLfloat'; posible pérdida de datos
  Pieza.cpp
  Tablero.cpp
C:\Users\edulu\OneDrive\Escritorio\Clases\Trabajos\infor\Recu_V2\ENTREGA_INFOR_DEFINITIVA\ajedrez5.0\ajedrez\src\Tablero.cpp(22,49): warning C4305: 'inicializando': truncamiento de 'double' a 'float'
C:\Users\edulu\OneDrive\Escritorio\Clases\Trabajos\infor\Recu_V2\ENTREGA_INFOR_DEFINITIVA\ajedrez5.0\ajedrez\src\Tablero.cpp(23,50): warning C4305: 'inicializando': truncamiento de 'double' a 'float'
C:\Users\edulu\OneDrive\Escritorio\Clases\Trabajos\infor\Recu_V2\ENTREGA_INFOR_DEFINITIVA\ajedrez5.0\ajedrez\src\Tablero.cpp(26,28): warning C4305: 'inicializando': truncamiento de 'double' a 'float'
C:\Users\edulu\OneDrive\Escritorio\Clases\Trabajos\infor\Recu_V2\ENTREGA_INFOR_DEFINITIVA\ajedrez5.0\ajedrez\src\Tablero.cpp(29,29): warning C4305: 'argumento': truncamiento de 'double' a 'GLclampf'
C:\Users\edulu\OneDrive\Escritorio\Clases\Trabajos\infor\Recu_V2\ENTREGA_INFOR_DEFINITIVA\ajedrez5.0\ajedrez\src\Tablero.cpp(114,31): warning C4305: 'argumento': truncamiento de 'double' a 'GLfloat'
C:\Users\edulu\OneDrive\Escritorio\Clases\Trabajos\infor\Recu_V2\ENTREGA_INFOR_DEFINITIVA\ajedrez5.0\ajedrez\src\Tablero.cpp(117,34): warning C4305: 'argumento': truncamiento de 'double' a 'GLfloat'
C:\Users\edulu\OneDrive\Escritorio\Clases\Trabajos\infor\Recu_V2\ENTREGA_INFOR_DEFINITIVA\ajedrez5.0\ajedrez\src\Tablero.cpp(125,31): warning C4305: 'argumento': truncamiento de 'double' a 'GLfloat'
C:\Users\edulu\OneDrive\Escritorio\Clases\Trabajos\infor\Recu_V2\ENTREGA_INFOR_DEFINITIVA\ajedrez5.0\ajedrez\src\Tablero.cpp(128,34): warning C4305: 'argumento': truncamiento de 'double' a 'GLfloat'
C:\Users\edulu\OneDrive\Escritorio\Clases\Trabajos\infor\Recu_V2\ENTREGA_INFOR_DEFINITIVA\ajedrez5.0\ajedrez\src\Tablero.cpp(136,31): warning C4305: 'argumento': truncamiento de 'double' a 'GLfloat'
C:\Users\edulu\OneDrive\Escritorio\Clases\Trabajos\infor\Recu_V2\ENTREGA_INFOR_DEFINITIVA\ajedrez5.0\ajedrez\src\Tablero.cpp(139,34): warning C4305: 'argumento': truncamiento de 'double' a 'GLfloat'
C:\Users\edulu\OneDrive\Escritorio\Clases\Trabajos\infor\Recu_V2\ENTREGA_INFOR_DEFINITIVA\ajedrez5.0\ajedrez\src\Tablero.cpp(147,31): warning C4305: 'argumento': truncamiento de 'double' a 'GLfloat'
C:\Users\edulu\OneDrive\Escritorio\Clases\Trabajos\infor\Recu_V2\ENTREGA_INFOR_DEFINITIVA\ajedrez5.0\ajedrez\src\Tablero.cpp(150,34): warning C4305: 'argumento': truncamiento de 'double' a 'GLfloat'
C:\Users\edulu\OneDrive\Escritorio\Clases\Trabajos\infor\Recu_V2\ENTREGA_INFOR_DEFINITIVA\ajedrez5.0\ajedrez\src\Tablero.cpp(158,31): warning C4305: 'argumento': truncamiento de 'double' a 'GLfloat'
C:\Users\edulu\OneDrive\Escritorio\Clases\Trabajos\infor\Recu_V2\ENTREGA_INFOR_DEFINITIVA\ajedrez5.0\ajedrez\src\Tablero.cpp(161,34): warning C4305: 'argumento': truncamiento de 'double' a 'GLfloat'
C:\Users\edulu\OneDrive\Escritorio\Clases\Trabajos\infor\Recu_V2\ENTREGA_INFOR_DEFINITIVA\ajedrez5.0\ajedrez\src\Tablero.cpp(169,31): warning C4305: 'argumento': truncamiento de 'double' a 'GLfloat'
C:\Users\edulu\OneDrive\Escritorio\Clases\Trabajos\infor\Recu_V2\ENTREGA_INFOR_DEFINITIVA\ajedrez5.0\ajedrez\src\Tablero.cpp(172,34): warning C4305: 'argumento': truncamiento de 'double' a 'GLfloat'
C:\Users\edulu\OneDrive\Escritorio\Clases\Trabajos\infor\Recu_V2\ENTREGA_INFOR_DEFINITIVA\ajedrez5.0\ajedrez\src\Tablero.cpp(180,31): warning C4305: 'argumento': truncamiento de 'double' a 'GLfloat'
C:\Users\edulu\OneDrive\Escritorio\Clases\Trabajos\infor\Recu_V2\ENTREGA_INFOR_DEFINITIVA\ajedrez5.0\ajedrez\src\Tablero.cpp(183,34): warning C4305: 'argumento': truncamiento de 'double' a 'GLfloat'
C:\Users\edulu\OneDrive\Escritorio\Clases\Trabajos\infor\Recu_V2\ENTREGA_INFOR_DEFINITIVA\ajedrez5.0\ajedrez\src\Tablero.cpp(191,31): warning C4305: 'argumento': truncamiento de 'double' a 'GLfloat'
C:\Users\edulu\OneDrive\Escritorio\Clases\Trabajos\infor\Recu_V2\ENTREGA_INFOR_DEFINITIVA\ajedrez5.0\ajedrez\src\Tablero.cpp(194,34): warning C4305: 'argumento': truncamiento de 'double' a 'GLfloat'
C:\Users\edulu\OneDrive\Escritorio\Clases\Trabajos\infor\Recu_V2\ENTREGA_INFOR_DEFINITIVA\ajedrez5.0\ajedrez\src\Tablero.cpp(202,31): warning C4305: 'argumento': truncamiento de 'double' a 'GLfloat'
C:\Users\edulu\OneDrive\Escritorio\Clases\Trabajos\infor\Recu_V2\ENTREGA_INFOR_DEFINITIVA\ajedrez5.0\ajedrez\src\Tablero.cpp(205,34): warning C4305: 'argumento': truncamiento de 'double' a 'GLfloat'
C:\Users\edulu\OneDrive\Escritorio\Clases\Trabajos\infor\Recu_V2\ENTREGA_INFOR_DEFINITIVA\ajedrez5.0\ajedrez\src\Tablero.cpp(213,31): warning C4305: 'argumento': truncamiento de 'double' a 'GLfloat'
C:\Users\edulu\OneDrive\Escritorio\Clases\Trabajos\infor\Recu_V2\ENTREGA_INFOR_DEFINITIVA\ajedrez5.0\ajedrez\src\Tablero.cpp(216,34): warning C4305: 'argumento': truncamiento de 'double' a 'GLfloat'
C:\Users\edulu\OneDrive\Escritorio\Clases\Trabajos\infor\Recu_V2\ENTREGA_INFOR_DEFINITIVA\ajedrez5.0\ajedrez\src\Tablero.cpp(227,30): warning C4244: '=': conversión de 'double' a 'float'; posible pérdida de datos
C:\Users\edulu\OneDrive\Escritorio\Clases\Trabajos\infor\Recu_V2\ENTREGA_INFOR_DEFINITIVA\ajedrez5.0\ajedrez\src\Tablero.cpp(228,31): warning C4244: '=': conversión de 'double' a 'float'; posible pérdida de datos
C:\Users\edulu\OneDrive\Escritorio\Clases\Trabajos\infor\Recu_V2\ENTREGA_INFOR_DEFINITIVA\ajedrez5.0\ajedrez\src\Tablero.cpp(271,30): warning C4305: '=': truncamiento de 'double' a 'float'
C:\Users\edulu\OneDrive\Escritorio\Clases\Trabajos\infor\Recu_V2\ENTREGA_INFOR_DEFINITIVA\ajedrez5.0\ajedrez\src\Tablero.cpp(272,30): warning C4305: '=': truncamiento de 'double' a 'float'
  Generando código...
C:\Users\edulu\OneDrive\Escritorio\Clases\Trabajos\infor\Recu_V2\ENTREGA_INFOR_DEFINITIVA\ajedrez5.0\ajedrez\src\Mundo.cpp(224): warning C4715: 'Mundo::MovimientoPlayer': no todas las rutas de acceso de control devuelven un valor
  Pang.vcxproj -> C:\Users\edulu\OneDrive\Escritorio\Clases\Trabajos\infor\Recu_V2\ENTREGA_INFOR_DEFINITIVA\ajedrez5.0\ajedrez\bin\AjedrezOroPlata.exe
